<?xml version="1.0" encoding="UTF-8"?>
<testsuite xmlns:xsi="http://www.w3.org/2001/XMLSchema-instance" xsi:schemaLocation="https://maven.apache.org/surefire/maven-surefire-plugin/xsd/surefire-test-report.xsd" name="runner.TestRunner" time="128.038" tests="14" errors="0" skipped="0" failures="0">
  <properties>
[...]
</properties>
  <testcase name="Login with valid credentials #1" classname="Login functionality" time="12.064"/>
  <testcase name="Login with valid credentials #2" classname="Login functionality" time="11.934"/>
  <testcase name="Login with valid credentials #3" classname="Login functionality" time="9.081"/>
  <testcase name="Login With invalid credentials" classname="Login functionality" time="7.571"/>
  <testcase name="Login with valid email and invalid Password" classname="Login functionality" time="8.798"/>
  <testcase name="Login with Invalid email and valid Password" classname="Login functionality" time="7.711"/>
  <testcase name="Login without providing any credentials" classname="Login functionality" time="6.9"/>
  <testcase name="User creates an account only with mandatory fields" classname="Registeration functionality" time="11.176"/>
  <testcase name="User creates an account with all fields" classname="Registeration functionality" time="10.978"/>
  <testcase name="User creates a duplicate account with registered email address" classname="Registeration functionality" time="9.575"/>
  <testcase name="User creates an account without filling any details" classname="Registeration functionality" time="8.557"/>
  <testcase name="User searches for a valid product" classname="Search Functionality" time="6.413"/>
  <testcase name="User searches for a invalid product" classname="Search Functionality" time="6.974"/>
  <testcase name="User searches without any product" classname="Search Functionality" time="6.195"/>
</testsuite>